<?xml version="1.0" encoding="utf-8"?><testsuites><testsuite name="pytest" errors="0" failures="0" skipped="0" tests="5" time="0.075" timestamp="2022-09-15T00:16:53.453752" hostname="DESKTOP-DUAV7CL"><testcase classname="tests.test_bytebank.TestClass" name="test_quando_idade_recebe_13_02_2000_deve_retornar_22" time="0.003" /><testcase classname="tests.test_bytebank.TestClass" name="test_quando_sobrenome_recebe_lucas_carvalho_deve_retornar_apenas_carvalho" time="0.001" /><testcase classname="tests.test_bytebank.TestClass" name="test_quando_decrecimo_salario_recebe_100000_deve_retornar_90000" time="0.001" /><testcase classname="tests.test_bytebank.TestClass" name="test_quando_calcular_bonus_recebe_1000_deve_retornar_100" time="0.002" /><testcase classname="tests.test_bytebank.TestClass" name="test_quando_calcular_bonus_recebe_1000000_deve_retornar_exception" time="0.003" /></testsuite></testsuites>